/cm/local/apps/slurm/var/spool/job3041545/slurm_script: line 28: cd: tde_comparison: No such file or directory
Traceback (most recent call last):
  File "/easybuild/software/Python/3.10.4-GCCcore-11.3.0/lib/python3.10/runpy.py", line 196, in _run_module_as_main
    return _run_code(code, main_globals, None,
  File "/easybuild/software/Python/3.10.4-GCCcore-11.3.0/lib/python3.10/runpy.py", line 86, in _run_code
    exec(code, run_globals)
  File "/data1/kilmetisk/TDE/tde_comparison/src/ToyModel/distancemeasurer.py", line 96, in <module>
    X = np.load(f'{pre}{sim}/snap_{snap}/CMx_{snap}.npy')
  File "/home/kilmetisk/.local/lib/python3.10/site-packages/numpy/lib/npyio.py", line 405, in load
    fid = stack.enter_context(open(os_fspath(file), "rb"))
FileNotFoundError: [Errno 2] No such file or directory: '/home/kilmetisk/data1/TDE/R0.47M0.5BH1e+06beta1S60n1.5Compton/snap_True/CMx_True.npy'
Traceback (most recent call last):
  File "/easybuild/software/Python/3.10.4-GCCcore-11.3.0/lib/python3.10/runpy.py", line 196, in _run_module_as_main
    return _run_code(code, main_globals, None,
  File "/easybuild/software/Python/3.10.4-GCCcore-11.3.0/lib/python3.10/runpy.py", line 86, in _run_code
    exec(code, run_globals)
  File "/data1/kilmetisk/TDE/tde_comparison/src/ToyModel/distancemeasurer.py", line 96, in <module>
    X = np.load(f'{pre}{sim}/snap_{snap}/CMx_{snap}.npy')
  File "/home/kilmetisk/.local/lib/python3.10/site-packages/numpy/lib/npyio.py", line 405, in load
    fid = stack.enter_context(open(os_fspath(file), "rb"))
FileNotFoundError: [Errno 2] No such file or directory: '/home/kilmetisk/data1/TDE/R0.47M0.5BH1e+06beta1S60n1.5Compton/snap_True/CMx_True.npy'
Traceback (most recent call last):
  File "/easybuild/software/Python/3.10.4-GCCcore-11.3.0/lib/python3.10/runpy.py", line 196, in _run_module_as_main
    return _run_code(code, main_globals, None,
  File "/easybuild/software/Python/3.10.4-GCCcore-11.3.0/lib/python3.10/runpy.py", line 86, in _run_code
    exec(code, run_globals)
  File "/data1/kilmetisk/TDE/tde_comparison/src/ToyModel/distancemeasurer.py", line 96, in <module>
    X = np.load(f'{pre}{sim}/snap_{snap}/CMx_{snap}.npy')
  File "/home/kilmetisk/.local/lib/python3.10/site-packages/numpy/lib/npyio.py", line 405, in load
    fid = stack.enter_context(open(os_fspath(file), "rb"))
FileNotFoundError: [Errno 2] No such file or directory: '/home/kilmetisk/data1/TDE/R0.47M0.5BH1e+06beta1S60n1.5Compton/snap_True/CMx_True.npy'
Traceback (most recent call last):
  File "/easybuild/software/Python/3.10.4-GCCcore-11.3.0/lib/python3.10/runpy.py", line 196, in _run_module_as_main
    return _run_code(code, main_globals, None,
  File "/easybuild/software/Python/3.10.4-GCCcore-11.3.0/lib/python3.10/runpy.py", line 86, in _run_code
    exec(code, run_globals)
  File "/data1/kilmetisk/TDE/tde_comparison/src/ToyModel/distancemeasurer.py", line 96, in <module>
    X = np.load(f'{pre}{sim}/snap_{snap}/CMx_{snap}.npy')
  File "/home/kilmetisk/.local/lib/python3.10/site-packages/numpy/lib/npyio.py", line 405, in load
    fid = stack.enter_context(open(os_fspath(file), "rb"))
FileNotFoundError: [Errno 2] No such file or directory: '/home/kilmetisk/data1/TDE/R0.47M0.5BH1e+06beta1S60n1.5Compton/snap_True/CMx_True.npy'
Traceback (most recent call last):
  File "/easybuild/software/Python/3.10.4-GCCcore-11.3.0/lib/python3.10/runpy.py", line 196, in _run_module_as_main
    return _run_code(code, main_globals, None,
  File "/easybuild/software/Python/3.10.4-GCCcore-11.3.0/lib/python3.10/runpy.py", line 86, in _run_code
    exec(code, run_globals)
  File "/data1/kilmetisk/TDE/tde_comparison/src/ToyModel/distancemeasurer.py", line 96, in <module>
    X = np.load(f'{pre}{sim}/snap_{snap}/CMx_{snap}.npy')
  File "/home/kilmetisk/.local/lib/python3.10/site-packages/numpy/lib/npyio.py", line 405, in load
    fid = stack.enter_context(open(os_fspath(file), "rb"))
FileNotFoundError: [Errno 2] No such file or directory: '/home/kilmetisk/data1/TDE/R0.47M0.5BH1e+06beta1S60n1.5Compton/snap_True/CMx_True.npy'
Traceback (most recent call last):
  File "/easybuild/software/Python/3.10.4-GCCcore-11.3.0/lib/python3.10/runpy.py", line 196, in _run_module_as_main
    return _run_code(code, main_globals, None,
  File "/easybuild/software/Python/3.10.4-GCCcore-11.3.0/lib/python3.10/runpy.py", line 86, in _run_code
    exec(code, run_globals)
  File "/data1/kilmetisk/TDE/tde_comparison/src/ToyModel/distancemeasurer.py", line 96, in <module>
    X = np.load(f'{pre}{sim}/snap_{snap}/CMx_{snap}.npy')
  File "/home/kilmetisk/.local/lib/python3.10/site-packages/numpy/lib/npyio.py", line 405, in load
    fid = stack.enter_context(open(os_fspath(file), "rb"))
FileNotFoundError: [Errno 2] No such file or directory: '/home/kilmetisk/data1/TDE/R0.47M0.5BH1e+06beta1S60n1.5Compton/snap_True/CMx_True.npy'
Traceback (most recent call last):
  File "/easybuild/software/Python/3.10.4-GCCcore-11.3.0/lib/python3.10/runpy.py", line 196, in _run_module_as_main
    return _run_code(code, main_globals, None,
  File "/easybuild/software/Python/3.10.4-GCCcore-11.3.0/lib/python3.10/runpy.py", line 86, in _run_code
    exec(code, run_globals)
  File "/data1/kilmetisk/TDE/tde_comparison/src/ToyModel/distancemeasurer.py", line 96, in <module>
    X = np.load(f'{pre}{sim}/snap_{snap}/CMx_{snap}.npy')
  File "/home/kilmetisk/.local/lib/python3.10/site-packages/numpy/lib/npyio.py", line 405, in load
    fid = stack.enter_context(open(os_fspath(file), "rb"))
FileNotFoundError: [Errno 2] No such file or directory: '/home/kilmetisk/data1/TDE/R0.47M0.5BH1e+06beta1S60n1.5Compton/snap_True/CMx_True.npy'
Traceback (most recent call last):
  File "/easybuild/software/Python/3.10.4-GCCcore-11.3.0/lib/python3.10/runpy.py", line 196, in _run_module_as_main
    return _run_code(code, main_globals, None,
  File "/easybuild/software/Python/3.10.4-GCCcore-11.3.0/lib/python3.10/runpy.py", line 86, in _run_code
    exec(code, run_globals)
  File "/data1/kilmetisk/TDE/tde_comparison/src/ToyModel/distancemeasurer.py", line 96, in <module>
    X = np.load(f'{pre}{sim}/snap_{snap}/CMx_{snap}.npy')
  File "/home/kilmetisk/.local/lib/python3.10/site-packages/numpy/lib/npyio.py", line 405, in load
    fid = stack.enter_context(open(os_fspath(file), "rb"))
FileNotFoundError: [Errno 2] No such file or directory: '/home/kilmetisk/data1/TDE/R0.47M0.5BH1e+06beta1S60n1.5Compton/snap_True/CMx_True.npy'
Traceback (most recent call last):
  File "/easybuild/software/Python/3.10.4-GCCcore-11.3.0/lib/python3.10/runpy.py", line 196, in _run_module_as_main
    return _run_code(code, main_globals, None,
  File "/easybuild/software/Python/3.10.4-GCCcore-11.3.0/lib/python3.10/runpy.py", line 86, in _run_code
    exec(code, run_globals)
  File "/data1/kilmetisk/TDE/tde_comparison/src/ToyModel/distancemeasurer.py", line 96, in <module>
    X = np.load(f'{pre}{sim}/snap_{snap}/CMx_{snap}.npy')
  File "/home/kilmetisk/.local/lib/python3.10/site-packages/numpy/lib/npyio.py", line 405, in load
    fid = stack.enter_context(open(os_fspath(file), "rb"))
FileNotFoundError: [Errno 2] No such file or directory: '/home/kilmetisk/data1/TDE/R0.47M0.5BH1e+06beta1S60n1.5Compton/snap_True/CMx_True.npy'
Traceback (most recent call last):
  File "/easybuild/software/Python/3.10.4-GCCcore-11.3.0/lib/python3.10/runpy.py", line 196, in _run_module_as_main
    return _run_code(code, main_globals, None,
  File "/easybuild/software/Python/3.10.4-GCCcore-11.3.0/lib/python3.10/runpy.py", line 86, in _run_code
    exec(code, run_globals)
  File "/data1/kilmetisk/TDE/tde_comparison/src/ToyModel/distancemeasurer.py", line 96, in <module>
    X = np.load(f'{pre}{sim}/snap_{snap}/CMx_{snap}.npy')
  File "/home/kilmetisk/.local/lib/python3.10/site-packages/numpy/lib/npyio.py", line 405, in load
    fid = stack.enter_context(open(os_fspath(file), "rb"))
FileNotFoundError: [Errno 2] No such file or directory: '/home/kilmetisk/data1/TDE/R0.47M0.5BH1e+06beta1S60n1.5Compton/snap_True/CMx_True.npy'
Traceback (most recent call last):
  File "/easybuild/software/Python/3.10.4-GCCcore-11.3.0/lib/python3.10/runpy.py", line 196, in _run_module_as_main
    return _run_code(code, main_globals, None,
  File "/easybuild/software/Python/3.10.4-GCCcore-11.3.0/lib/python3.10/runpy.py", line 86, in _run_code
    exec(code, run_globals)
  File "/data1/kilmetisk/TDE/tde_comparison/src/ToyModel/distancemeasurer.py", line 96, in <module>
    X = np.load(f'{pre}{sim}/snap_{snap}/CMx_{snap}.npy')
  File "/home/kilmetisk/.local/lib/python3.10/site-packages/numpy/lib/npyio.py", line 405, in load
    fid = stack.enter_context(open(os_fspath(file), "rb"))
FileNotFoundError: [Errno 2] No such file or directory: '/home/kilmetisk/data1/TDE/R0.47M0.5BH1e+06beta1S60n1.5Compton/snap_True/CMx_True.npy'
Job's done!
